# Logfile created on 2023-02-08 07:40:47 +0000 by logger.rb/v1.4.2
2023-02-08 07:40:50 +0000, : Navigated to Blogvault Login Dashboard
2023-02-08 07:40:50 +0000, : Entering username and password
2023-02-08 07:40:56 +0000, : Logged in into Blogvault
2023-02-08 07:40:58 +0000, : Clicked on ADD SITE and putting the url
2023-02-08 07:40:58 +0000, : {"url"=>"https://night-romp-mijo.instawp.xyz", "username"=>"cebicoroke3956", "password"=>"pluzohfMs0xS2kLBAOEJ"}
2023-02-08 07:40:59 +0000, : URL entered successfully, entering the admin username and password
2023-02-08 07:41:29 +0000, : timed out after 30 seconds (no such element: Unable to locate element: {"method":"xpath","selector":"//*[@placeholder='WP Admin Password']"}
  (Session info: headless chrome=109.0.5414.74))
2023-02-08 07:41:32 +0000, : Clicked on most recent site
2023-02-08 07:41:35 +0000, : stale element reference: element is not attached to the page document
  (Session info: headless chrome=109.0.5414.74)
2023-02-08 07:41:38 +0000, : Inputting WooCommerce as an example
2023-02-08 07:41:40 +0000, : Installation started
2023-02-08 07:43:27 +0000, : Successfully added plugin
2023-02-08 07:43:27 +0000, : Searched a plugin
2023-02-08 07:43:27 +0000, : no such element: Unable to locate element: {"method":"xpath","selector":"//span[text()='WooCommerce']"}
  (Session info: headless chrome=109.0.5414.74)
2023-02-08 07:43:27 +0000, : Searched a plugin
2023-02-08 07:43:27 +0000, : no such element: Unable to locate element: {"method":"xpath","selector":"//span[text()='WooCommerce']"}
  (Session info: headless chrome=109.0.5414.74)
2023-02-08 07:43:27 +0000, : Rolling back by deleting the added site
2023-02-08 07:43:27 +0000, : uninitialized constant AddSite::HOME_URL_SITES
