# Logfile created on 2023-02-08 10:58:19 +0000 by logger.rb/v1.4.2
2023-02-08 10:58:22 +0000, : Navigated to Blogvault Login Dashboard
2023-02-08 10:58:22 +0000, : Entering username and password
2023-02-08 10:58:29 +0000, : Logged in into Blogvault
2023-02-08 10:58:31 +0000, : Rolling back by deleting the added site
2023-02-08 10:58:35 +0000, : Clicked on most recent site
2023-02-08 10:58:36 +0000, : Site Deleted
 Rollbacked
2023-02-08 10:58:40 +0000, : Clicked on ADD SITE and putting the url
2023-02-08 10:58:40 +0000, : {"url"=>"https://night-romp-mijo.instawp.xyz", "username"=>"cebicoroke3956", "password"=>"pluzohfMs0xS2kLBAOEJ"}
2023-02-08 10:58:41 +0000, : URL entered successfully, entering the admin username and password
2023-02-08 10:58:41 +0000, : Wait for progress bar to load
2023-02-08 10:59:10 +0000, : Clicked on Initiate Sync link.
2023-02-08 10:59:33 +0000, : Site Added
2023-02-08 10:59:37 +0000, : Clicked on most recent site
2023-02-08 10:59:39 +0000, : element click intercepted: Element <a class="font12 btn btn-default fw-600 disabled" role="button" href="/app/sites/a4b2e38d/manage/plugins">...</a> is not clickable at point (328, 601). Other element would receive the click: <div class="col-lg-3 col-xs-4 col-sm-4 col-md-4 text-center p-0">...</div>
  (Session info: headless chrome=109.0.5414.74)
2023-02-08 10:59:39 +0000, : no such element: Unable to locate element: {"method":"xpath","selector":"//button[text()=" ADD NEW"]"}
  (Session info: headless chrome=109.0.5414.74)
2023-02-08 10:59:42 +0000, : Clicked on most recent site
2023-02-08 10:59:44 +0000, : element click intercepted: Element <a class="font12 btn btn-default fw-600 disabled" role="button" href="/app/sites/a4b2e38d/manage/plugins">...</a> is not clickable at point (328, 601). Other element would receive the click: <div class="col-lg-3 col-xs-4 col-sm-4 col-md-4 text-center p-0">...</div>
  (Session info: headless chrome=109.0.5414.74)
2023-02-08 10:59:44 +0000, : Searched a plugin
2023-02-08 10:59:44 +0000, : no such element: Unable to locate element: {"method":"xpath","selector":"//span[text()='WooCommerce']"}
  (Session info: headless chrome=109.0.5414.74)
2023-02-08 10:59:47 +0000, : Clicked on most recent site
2023-02-08 10:59:49 +0000, : element click intercepted: Element <a class="font12 btn btn-default fw-600 disabled" role="button" href="/app/sites/a4b2e38d/manage/plugins">...</a> is not clickable at point (328, 601). Other element would receive the click: <div class="col-lg-3 col-xs-4 col-sm-4 col-md-4 text-center p-0">...</div>
  (Session info: headless chrome=109.0.5414.74)
2023-02-08 10:59:49 +0000, : Searched a plugin
2023-02-08 10:59:49 +0000, : no such element: Unable to locate element: {"method":"xpath","selector":"//span[text()='WooCommerce']"}
  (Session info: headless chrome=109.0.5414.74)
2023-02-08 10:59:49 +0000, : Rolling back by deleting the added site
2023-02-08 10:59:51 +0000, : Clicked on most recent site
2023-02-08 10:59:53 +0000, : Site Deleted
 Rollbacked
