# Logfile created on 2023-02-08 12:15:58 +0000 by logger.rb/v1.4.2
2023-02-08 12:16:02 +0000, : Navigated to Blogvault Login Dashboard
2023-02-08 12:16:02 +0000, : Entering username and password
2023-02-08 12:16:07 +0000, : Logged in into Blogvault
2023-02-08 12:16:10 +0000, : Clicked on ADD SITE and putting the url
2023-02-08 12:16:10 +0000, : {"url"=>"https://night-romp-mijo.instawp.xyz", "username"=>"cebicoroke3956", "password"=>"pluzohfMs0xS2kLBAOEJ"}
2023-02-08 12:16:10 +0000, : URL entered successfully, entering the admin username and password
2023-02-08 12:16:11 +0000, : Wait for progress bar to load
2023-02-08 12:16:39 +0000, : Clicked on Initiate Sync link.
2023-02-08 12:17:01 +0000, : Site Added
2023-02-08 12:17:03 +0000, : Clicked on most recent site
2023-02-08 12:17:06 +0000, : element click intercepted: Element <a class="font12 btn btn-default fw-600 disabled" role="button" href="/app/sites/7c9d0eed/manage/plugins">...</a> is not clickable at point (328, 601). Other element would receive the click: <div class="col-lg-3 col-xs-4 col-sm-4 col-md-4 text-center p-0">...</div>
  (Session info: headless chrome=109.0.5414.74)
2023-02-08 12:17:06 +0000, : no such element: Unable to locate element: {"method":"xpath","selector":"//button[text()=" ADD NEW"]"}
  (Session info: headless chrome=109.0.5414.74)
2023-02-08 12:17:09 +0000, : Clicked on most recent site
2023-02-08 12:17:10 +0000, : element click intercepted: Element <a class="font12 btn btn-default fw-600 disabled" role="button" href="/app/sites/7c9d0eed/manage/plugins">...</a> is not clickable at point (328, 601). Other element would receive the click: <div class="col-lg-3 col-xs-4 col-sm-4 col-md-4 text-center p-0">...</div>
  (Session info: headless chrome=109.0.5414.74)
2023-02-08 12:17:10 +0000, : Searched a plugin
2023-02-08 12:17:11 +0000, : no such element: Unable to locate element: {"method":"xpath","selector":"//span[text()='WooCommerce']"}
  (Session info: headless chrome=109.0.5414.74)
2023-02-08 12:17:13 +0000, : Clicked on most recent site
2023-02-08 12:17:17 +0000, : element click intercepted: Element <a class="font12 btn btn-default fw-600 disabled" role="button" href="/app/sites/7c9d0eed/manage/plugins">...</a> is not clickable at point (328, 601). Other element would receive the click: <div class="col-lg-3 col-xs-4 col-sm-4 col-md-4 text-center p-0">...</div>
  (Session info: headless chrome=109.0.5414.74)
2023-02-08 12:17:17 +0000, : Searched a plugin
2023-02-08 12:17:17 +0000, : no such element: Unable to locate element: {"method":"xpath","selector":"//span[text()='WooCommerce']"}
  (Session info: headless chrome=109.0.5414.74)
2023-02-08 12:17:17 +0000, : Rolling back by deleting the added site
2023-02-08 12:17:20 +0000, : Clicked on most recent site
2023-02-08 12:17:21 +0000, : Site Deleted
 Rollbacked
