# Logfile created on 2023-02-08 09:26:11 +0000 by logger.rb/v1.4.2
2023-02-08 09:26:14 +0000, : Navigated to Blogvault Login Dashboard
2023-02-08 09:26:14 +0000, : Entering username and password
2023-02-08 09:26:20 +0000, : Logged in into Blogvault
2023-02-08 09:26:51 +0000, : Clicked on ADD SITE and putting the url
2023-02-08 09:26:51 +0000, : {"url"=>"https://night-romp-mijo.instawp.xyz", "username"=>"cebicoroke3956", "password"=>"pluzohfMs0xS2kLBAOEJ"}
2023-02-08 09:26:51 +0000, : URL entered successfully, entering the admin username and password
2023-02-08 09:26:52 +0000, : Wait for progress bar to load
2023-02-08 09:27:19 +0000, : Clicked on Initiate Sync link.
2023-02-08 09:27:41 +0000, : Site Added
2023-02-08 09:27:45 +0000, : Clicked on most recent site
2023-02-08 09:27:46 +0000, : cannot find element by :role
2023-02-08 09:27:46 +0000, : no such element: Unable to locate element: {"method":"xpath","selector":"//button[text()=" ADD NEW"]"}
  (Session info: headless chrome=109.0.5414.74)
2023-02-08 09:27:48 +0000, : Clicked on most recent site
2023-02-08 09:27:49 +0000, : cannot find element by :role
2023-02-08 09:27:49 +0000, : Searched a plugin
2023-02-08 09:27:50 +0000, : no such element: Unable to locate element: {"method":"xpath","selector":"//span[text()='WooCommerce']"}
  (Session info: headless chrome=109.0.5414.74)
2023-02-08 09:27:52 +0000, : Clicked on most recent site
2023-02-08 09:27:53 +0000, : cannot find element by :role
2023-02-08 09:27:53 +0000, : Searched a plugin
2023-02-08 09:27:53 +0000, : no such element: Unable to locate element: {"method":"xpath","selector":"//span[text()='WooCommerce']"}
  (Session info: headless chrome=109.0.5414.74)
2023-02-08 09:27:53 +0000, : Rolling back by deleting the added site
2023-02-08 09:27:55 +0000, : Clicked on most recent site
2023-02-08 09:27:57 +0000, : Site Deleted
 Rollbacked
2023-02-08 09:28:37 +0000, : Clicked on ADD SITE and putting the url
2023-02-08 09:28:37 +0000, : {"url"=>"https://night-romp-mijo.instawp.xyz", "username"=>"cebicoroke3956", "password"=>"pluzohfMs0xS2kLBAOEJ"}
2023-02-08 09:28:37 +0000, : URL entered successfully, entering the admin username and password
2023-02-08 09:28:39 +0000, : Wait for progress bar to load
2023-02-08 09:29:06 +0000, : Clicked on Initiate Sync link.
2023-02-08 09:29:28 +0000, : Site Added
