# Logfile created on 2023-02-08 12:24:02 +0000 by logger.rb/v1.4.2
2023-02-08 12:24:04 +0000, : Navigated to Blogvault Login Dashboard
2023-02-08 12:24:04 +0000, : Entering username and password
2023-02-08 12:24:12 +0000, : Logged in into Blogvault
2023-02-08 12:25:06 +0000, : Clicked on ADD SITE and putting the url
2023-02-08 12:25:06 +0000, : {"url"=>"https://night-romp-mijo.instawp.xyz", "username"=>"cebicoroke3956", "password"=>"pluzohfMs0xS2kLBAOEJ"}
2023-02-08 12:25:07 +0000, : URL entered successfully, entering the admin username and password
2023-02-08 12:25:08 +0000, : Wait for progress bar to load
2023-02-08 12:25:30 +0000, : Clicked on Initiate Sync link.
2023-02-08 12:25:53 +0000, : Site Added
2023-02-08 12:25:56 +0000, : Clicked on most recent site
2023-02-08 12:26:07 +0000, : invalid argument
  (Session info: headless chrome=109.0.5414.74)
2023-02-08 12:26:07 +0000, : no such element: Unable to locate element: {"method":"xpath","selector":"//button[text()=" ADD NEW"]"}
  (Session info: headless chrome=109.0.5414.74)
2023-02-08 12:26:10 +0000, : Clicked on most recent site
2023-02-08 12:26:21 +0000, : invalid argument
  (Session info: headless chrome=109.0.5414.74)
2023-02-08 12:26:21 +0000, : Searched a plugin
2023-02-08 12:26:21 +0000, : no such element: Unable to locate element: {"method":"xpath","selector":"//span[text()='WooCommerce']"}
  (Session info: headless chrome=109.0.5414.74)
2023-02-08 12:26:23 +0000, : Clicked on most recent site
