# Logfile created on 2023-02-09 07:55:08 +0000 by logger.rb/v1.4.2
2023-02-09 07:55:11 +0000, : Navigated to Blogvault Login Dashboard
2023-02-09 07:55:11 +0000, : Entering username and password
2023-02-09 07:55:17 +0000, : Logged in into Blogvault
2023-02-09 07:55:19 +0000, : Clicked on ADD SITE and putting the url
2023-02-09 07:55:19 +0000, : {"url"=>"https://night-romp-mijo.instawp.xyz", "username"=>"cebicoroke3956", "password"=>"pluzohfMs0xS2kLBAOEJ"}
2023-02-09 07:55:20 +0000, : URL entered successfully, entering the admin username and password
2023-02-09 07:55:20 +0000, : Wait for progress bar to load
2023-02-09 07:55:44 +0000, : Clicked on Initiate Sync link.
2023-02-09 07:56:06 +0000, : Site Added
2023-02-09 07:56:08 +0000, : Clicked on most recent site
2023-02-09 08:00:49 +0000, : Clicked manage button of plugins section
2023-02-09 08:00:52 +0000, : Inputting WooCommerce as an example
2023-02-09 08:00:53 +0000, : Installation started
2023-02-09 08:02:28 +0000, : Successfully added plugin
2023-02-09 08:02:41 +0000, : Clicked on most recent site
2023-02-09 08:02:42 +0000, : Clicked manage button of plugins section
2023-02-09 08:02:42 +0000, : Searched a plugin
2023-02-09 08:02:42 +0000, : Clicked on update icon
2023-02-09 08:02:43 +0000, : Update started
2023-02-09 08:03:44 +0000, : Successfully Updated plugin
2023-02-09 08:03:47 +0000, : Clicked on most recent site
2023-02-09 08:03:48 +0000, : Clicked manage button of plugins section
2023-02-09 08:03:48 +0000, : Searched a plugin
2023-02-09 08:03:48 +0000, : Clicked on delete icon
2023-02-09 08:03:49 +0000, : Deletion started
2023-02-09 08:04:34 +0000, : Successfully deleted plugin
2023-02-09 08:04:34 +0000, : Rolling back by deleting the added site
2023-02-09 08:04:37 +0000, : Clicked on most recent site
2023-02-09 08:04:39 +0000, : Site Deleted
 Rollbacked
