# Logfile created on 2023-02-08 12:54:10 +0000 by logger.rb/v1.4.2
2023-02-08 12:54:14 +0000, : Navigated to Blogvault Login Dashboard
2023-02-08 12:54:14 +0000, : Entering username and password
2023-02-08 12:54:21 +0000, : Logged in into Blogvault
2023-02-08 12:54:31 +0000, : Clicked on ADD SITE and putting the url
2023-02-08 12:54:31 +0000, : {"url"=>"https://night-romp-mijo.instawp.xyz", "username"=>"cebicoroke3956", "password"=>"pluzohfMs0xS2kLBAOEJ"}
2023-02-08 12:54:31 +0000, : URL entered successfully, entering the admin username and password
2023-02-08 12:54:32 +0000, : Wait for progress bar to load
2023-02-08 12:54:58 +0000, : Clicked on Initiate Sync link.
2023-02-08 12:55:20 +0000, : Site Added
2023-02-08 12:55:23 +0000, : Clicked on most recent site
2023-02-08 12:55:24 +0000, : undefined method `any?' for #<Selenium::WebDriver::Element:0x000055b7eab57118>
2023-02-08 12:55:24 +0000, : no such element: Unable to locate element: {"method":"xpath","selector":"//button[text()=" ADD NEW"]"}
  (Session info: headless chrome=109.0.5414.74)
2023-02-08 12:55:26 +0000, : Clicked on most recent site
2023-02-08 12:55:27 +0000, : undefined method `any?' for #<Selenium::WebDriver::Element:0x000055b7eae1ae18>
2023-02-08 12:55:27 +0000, : Searched a plugin
2023-02-08 12:55:27 +0000, : no such element: Unable to locate element: {"method":"xpath","selector":"//span[text()='WooCommerce']"}
  (Session info: headless chrome=109.0.5414.74)
2023-02-08 12:55:30 +0000, : Clicked on most recent site
2023-02-08 12:55:30 +0000, : undefined method `any?' for #<Selenium::WebDriver::Element:0x000055b7eaee4ad8>
2023-02-08 12:55:30 +0000, : Searched a plugin
2023-02-08 12:55:31 +0000, : no such element: Unable to locate element: {"method":"xpath","selector":"//span[text()='WooCommerce']"}
  (Session info: headless chrome=109.0.5414.74)
2023-02-08 12:55:31 +0000, : Rolling back by deleting the added site
2023-02-08 12:55:33 +0000, : Clicked on most recent site
2023-02-08 12:55:34 +0000, : Site Deleted
 Rollbacked
