# Logfile created on 2023-02-08 11:22:27 +0000 by logger.rb/v1.4.2
2023-02-08 11:22:31 +0000, : Navigated to Blogvault Login Dashboard
2023-02-08 11:22:31 +0000, : Entering username and password
2023-02-08 11:22:40 +0000, : Logged in into Blogvault
2023-02-08 11:22:40 +0000, : Rolling back by deleting the added site
2023-02-08 11:22:43 +0000, : Clicked on most recent site
2023-02-08 11:22:45 +0000, : Site Deleted
 Rollbacked
2023-02-08 11:22:50 +0000, : Clicked on ADD SITE and putting the url
2023-02-08 11:22:50 +0000, : {"url"=>"https://night-romp-mijo.instawp.xyz", "username"=>"cebicoroke3956", "password"=>"pluzohfMs0xS2kLBAOEJ"}
2023-02-08 11:22:50 +0000, : URL entered successfully, entering the admin username and password
2023-02-08 11:22:51 +0000, : Wait for progress bar to load
2023-02-08 11:23:18 +0000, : Clicked on Initiate Sync link.
2023-02-08 11:23:40 +0000, : Site Added
2023-02-08 11:23:43 +0000, : Clicked on most recent site
2023-02-08 11:23:48 +0000, : element click intercepted: Element <a class="font12 btn btn-default fw-600 disabled" role="button" href="/app/sites/9134c7bd/manage/plugins">...</a> is not clickable at point (328, 603). Other element would receive the click: <div class="col-lg-3 col-xs-4 col-sm-4 col-md-4 text-center p-0">...</div>
  (Session info: headless chrome=109.0.5414.74)
2023-02-08 11:23:48 +0000, : no such element: Unable to locate element: {"method":"xpath","selector":"//button[text()=" ADD NEW"]"}
  (Session info: headless chrome=109.0.5414.74)
2023-02-08 11:23:51 +0000, : Clicked on most recent site
2023-02-08 11:23:56 +0000, : element click intercepted: Element <a class="font12 btn btn-default fw-600 disabled" role="button" href="/app/sites/9134c7bd/manage/plugins">...</a> is not clickable at point (328, 601). Other element would receive the click: <div class="col-lg-3 col-xs-4 col-sm-4 col-md-4 text-center p-0">...</div>
  (Session info: headless chrome=109.0.5414.74)
2023-02-08 11:23:56 +0000, : Searched a plugin
2023-02-08 11:23:56 +0000, : no such element: Unable to locate element: {"method":"xpath","selector":"//span[text()='WooCommerce']"}
  (Session info: headless chrome=109.0.5414.74)
2023-02-08 11:23:58 +0000, : Clicked on most recent site
2023-02-08 11:24:03 +0000, : element click intercepted: Element <a class="font12 btn btn-default fw-600 disabled" role="button" href="/app/sites/9134c7bd/manage/plugins">...</a> is not clickable at point (328, 603). Other element would receive the click: <div class="col-lg-3 col-xs-4 col-sm-4 col-md-4 text-center p-0">...</div>
  (Session info: headless chrome=109.0.5414.74)
2023-02-08 11:24:03 +0000, : Searched a plugin
2023-02-08 11:24:03 +0000, : no such element: Unable to locate element: {"method":"xpath","selector":"//span[text()='WooCommerce']"}
  (Session info: headless chrome=109.0.5414.74)
2023-02-08 11:24:03 +0000, : Rolling back by deleting the added site
2023-02-08 11:24:05 +0000, : Clicked on most recent site
2023-02-08 11:24:07 +0000, : Site Deleted
 Rollbacked
