# Logfile created on 2023-02-08 11:48:19 +0000 by logger.rb/v1.4.2
2023-02-08 11:48:22 +0000, : Navigated to Blogvault Login Dashboard
2023-02-08 11:48:22 +0000, : Entering username and password
2023-02-08 11:48:27 +0000, : Logged in into Blogvault
2023-02-08 11:48:31 +0000, : Clicked on ADD SITE and putting the url
2023-02-08 11:48:31 +0000, : {"url"=>"https://night-romp-mijo.instawp.xyz", "username"=>"cebicoroke3956", "password"=>"pluzohfMs0xS2kLBAOEJ"}
2023-02-08 11:48:32 +0000, : URL entered successfully, entering the admin username and password
2023-02-08 11:48:33 +0000, : Wait for progress bar to load
2023-02-08 11:49:00 +0000, : Clicked on Initiate Sync link.
2023-02-08 11:49:22 +0000, : Site Added
2023-02-08 11:49:25 +0000, : Clicked on most recent site
2023-02-08 11:49:26 +0000, : undefined local variable or method `wait' for #<ManagePlugin:0x0000563cee1fe2e0>
Did you mean?  @wait
2023-02-08 11:49:26 +0000, : no such element: Unable to locate element: {"method":"xpath","selector":"//button[text()=" ADD NEW"]"}
  (Session info: headless chrome=109.0.5414.74)
2023-02-08 11:49:28 +0000, : Clicked on most recent site
2023-02-08 11:49:29 +0000, : undefined local variable or method `wait' for #<ManagePlugin:0x0000563cee1fe2e0>
Did you mean?  @wait
2023-02-08 11:49:29 +0000, : Searched a plugin
2023-02-08 11:49:29 +0000, : no such element: Unable to locate element: {"method":"xpath","selector":"//span[text()='WooCommerce']"}
  (Session info: headless chrome=109.0.5414.74)
2023-02-08 11:49:32 +0000, : Clicked on most recent site
2023-02-08 11:49:33 +0000, : undefined local variable or method `wait' for #<ManagePlugin:0x0000563cee1fe2e0>
Did you mean?  @wait
2023-02-08 11:49:33 +0000, : Searched a plugin
2023-02-08 11:49:33 +0000, : no such element: Unable to locate element: {"method":"xpath","selector":"//span[text()='WooCommerce']"}
  (Session info: headless chrome=109.0.5414.74)
2023-02-08 11:49:33 +0000, : Rolling back by deleting the added site
2023-02-08 11:49:36 +0000, : Clicked on most recent site
2023-02-08 11:49:37 +0000, : Site Deleted
 Rollbacked
