# Logfile created on 2023-02-08 08:13:33 +0000 by logger.rb/v1.4.2
2023-02-08 08:13:37 +0000, : Navigated to Blogvault Login Dashboard
2023-02-08 08:13:37 +0000, : Entering username and password
2023-02-08 08:13:46 +0000, : Logged in into Blogvault
2023-02-08 08:13:47 +0000, : Clicked on ADD SITE and putting the url
2023-02-08 08:13:47 +0000, : {"url"=>"https://night-romp-mijo.instawp.xyz", "username"=>"cebicoroke3956", "password"=>"pluzohfMs0xS2kLBAOEJ"}
2023-02-08 08:13:47 +0000, : URL entered successfully, entering the admin username and password
2023-02-08 08:13:48 +0000, : Wait for progress bar to load
2023-02-08 08:14:19 +0000, : timed out after 30 seconds (no such element: Unable to locate element: {"method":"xpath","selector":"//a[text()="Initiate Sync"]"}
  (Session info: headless chrome=109.0.5414.74))
2023-02-08 08:14:21 +0000, : Clicked on most recent site
2023-02-08 08:14:24 +0000, : element click intercepted: Element <a class="font12 btn btn-default fw-600 disabled" role="button" href="/app/sites/327c8673/manage/plugins">...</a> is not clickable at point (328, 601). Other element would receive the click: <div class="col-lg-3 col-xs-4 col-sm-4 col-md-4 text-center p-0">...</div>
  (Session info: headless chrome=109.0.5414.74)
2023-02-08 08:14:24 +0000, : no such element: Unable to locate element: {"method":"xpath","selector":"//button[text()=" ADD NEW"]"}
  (Session info: headless chrome=109.0.5414.74)
2023-02-08 08:14:26 +0000, : Clicked on most recent site
2023-02-08 08:14:28 +0000, : element click intercepted: Element <a class="font12 btn btn-default fw-600 disabled" role="button" href="/app/sites/327c8673/manage/plugins">...</a> is not clickable at point (328, 601). Other element would receive the click: <div class="col-lg-3 col-xs-4 col-sm-4 col-md-4 text-center p-0">...</div>
  (Session info: headless chrome=109.0.5414.74)
2023-02-08 08:14:28 +0000, : Searched a plugin
2023-02-08 08:14:28 +0000, : no such element: Unable to locate element: {"method":"xpath","selector":"//span[text()='WooCommerce']"}
  (Session info: headless chrome=109.0.5414.74)
2023-02-08 08:14:31 +0000, : Clicked on most recent site
2023-02-08 08:14:33 +0000, : element click intercepted: Element <a class="font12 btn btn-default fw-600 disabled" role="button" href="/app/sites/327c8673/manage/plugins">...</a> is not clickable at point (328, 601). Other element would receive the click: <div class="col-lg-3 col-xs-4 col-sm-4 col-md-4 text-center p-0">...</div>
  (Session info: headless chrome=109.0.5414.74)
2023-02-08 08:14:33 +0000, : Searched a plugin
2023-02-08 08:14:33 +0000, : no such element: Unable to locate element: {"method":"xpath","selector":"//span[text()='WooCommerce']"}
  (Session info: headless chrome=109.0.5414.74)
2023-02-08 08:14:33 +0000, : Rolling back by deleting the added site
2023-02-08 08:14:36 +0000, : Clicked on most recent site
2023-02-08 08:14:37 +0000, : Site Deleted
 Rollbacked
